#
# A fatal error has been detected by the Java Runtime Environment:
#
#  EXCEPTION_ACCESS_VIOLATION (0xc0000005) at pc=0x00007fff16356890, pid=12432, tid=0x0000000000007a88
#
# JRE version: Java(TM) SE Runtime Environment (8.0_261-b12) (build 1.8.0_261-b12)
# Java VM: Java HotSpot(TM) 64-Bit Server VM (25.261-b12 mixed mode windows-amd64 compressed oops)
# Problematic frame:
# C  [avutil-56.dll+0x6890]
#
# Failed to write core dump. Minidumps are not enabled by default on client versions of Windows
#
# If you would like to submit a bug report, please visit:
#   http://bugreport.java.com/bugreport/crash.jsp
# The crash happened outside the Java Virtual Machine in native code.
# See problematic frame for where to report the bug.
#

---------------  T H R E A D  ---------------

Current thread (0x0000025aa8e73000):  JavaThread "main" [_thread_in_native, id=31368, stack(0x000000d7a6800000,0x000000d7a6900000)]

siginfo: ExceptionCode=0xc0000005, writing address 0x000000000000000c

Registers:
RAX=0x0000025ac77e1180, RBX=0x0000025ac77988c0, RCX=0x0000025ac77e1198, RDX=0x0000000000000000
RSP=0x000000d7a68ff3d0, RBP=0x0000000000000000, RSI=0x0000000000000000, RDI=0x0000025aa91d1c90
R8 =0x0000000000000000, R9 =0x0000000000000000, R10=0x0000000000000000, R11=0xfd00000000000001
R12=0x0000000000000000, R13=0x0000025ac3440160, R14=0x000000d7a68ff550, R15=0x0000025aa8e73000
RIP=0x00007fff16356890, EFLAGS=0x0000000000010202

Top of Stack: (sp=0x000000d7a68ff3d0)
0x000000d7a68ff3d0:   0000000000000000 0000000000000000
0x000000d7a68ff3e0:   0000025ac3440160 000000d7a68ff550
0x000000d7a68ff3f0:   0000025ac77d9940 00007ffefe167b76
0x000000d7a68ff400:   0000025aa91d1c90 00007ffefe167ae5
0x000000d7a68ff410:   0000000000000000 00007ffefdcd26c2
0x000000d7a68ff420:   000000076e05f9b0 0000025ac658ea40
0x000000d7a68ff430:   0000025aa91d1c90 0000025ac652ac00
0x000000d7a68ff440:   0000000000000000 00007ffefe21061c
0x000000d7a68ff450:   000000d7a68ff440 000000006a1f3efd
0x000000d7a68ff460:   000000d7a68ff4b0 0000025ac33bb248
0x000000d7a68ff470:   00000000f800a6bc 000000006a1ee56b
0x000000d7a68ff480:   000000d7a68ff528 0000025ac3440170
0x000000d7a68ff490:   00000000f800a6bc 0000025aaa807dc0
0x000000d7a68ff4a0:   000000d7a68ff528 0000025aaa819f4e
0x000000d7a68ff4b0:   0000000000000000 0000025aaa81a530
0x000000d7a68ff4c0:   0000025ac3393cda 000000d7a68ff550 

Instructions: (pc=0x00007fff16356890)
0x00007fff16356870:   02 00 48 85 c0 74 1e 48 8b 53 10 4c 8b 0b 4c 8b
0x00007fff16356880:   53 08 48 89 50 10 48 8b 13 4c 89 08 4c 89 50 08
0x00007fff16356890:   f0 83 42 0c 01 48 83 c4 20 5b c3 0f 1f 44 00 00
0x00007fff163568a0:   48 83 ec 38 48 85 c9 74 3b 48 8b 01 48 85 c0 74 


Register to memory mapping:

RAX=0x0000025ac77e1180 is an unknown value
RBX=0x0000025ac77988c0 is an unknown value
RCX=0x0000025ac77e1198 is an unknown value
RDX=0x0000000000000000 is an unknown value
RSP=0x000000d7a68ff3d0 is pointing into the stack for thread: 0x0000025aa8e73000
RBP=0x0000000000000000 is an unknown value
RSI=0x0000000000000000 is an unknown value
RDI=0x0000025aa91d1c90 is an unknown value
R8 =0x0000000000000000 is an unknown value
R9 =0x0000000000000000 is an unknown value
R10=0x0000000000000000 is an unknown value
R11=0xfd00000000000001 is an unknown value
R12=0x0000000000000000 is an unknown value
R13=0x0000025ac3440160 is pointing into metadata
R14=0x000000d7a68ff550 is pointing into the stack for thread: 0x0000025aa8e73000
R15=0x0000025aa8e73000 is a thread


Stack: [0x000000d7a6800000,0x000000d7a6900000],  sp=0x000000d7a68ff3d0,  free space=1020k
Native frames: (J=compiled Java code, j=interpreted, Vv=VM code, C=native code)

Java frames: (J=compiled Java code, j=interpreted, Vv=VM code)
j  org.bytedeco.javacpp.avcodec.avcodec_send_packet(Lorg/bytedeco/javacpp/avcodec$AVCodecContext;Lorg/bytedeco/javacpp/avcodec$AVPacket;)I+0
j  com.video.recognition.Main_ffmpeg.main([Ljava/lang/String;)V+494
j  com.video.recognition.Main.main([Ljava/lang/String;)V+11
v  ~StubRoutines::call_stub

---------------  P R O C E S S  ---------------

Java Threads: ( => current thread )
  0x0000025ac5f7b800 JavaThread "JavaCPP Deallocator" daemon [_thread_blocked, id=32004, stack(0x000000d7a7d00000,0x000000d7a7e00000)]
  0x0000025ac5da9800 JavaThread "Service Thread" daemon [_thread_blocked, id=1580, stack(0x000000d7a7b00000,0x000000d7a7c00000)]
  0x0000025ac5d6b000 JavaThread "C1 CompilerThread3" daemon [_thread_blocked, id=21196, stack(0x000000d7a7a00000,0x000000d7a7b00000)]
  0x0000025ac5d69800 JavaThread "C2 CompilerThread2" daemon [_thread_blocked, id=26796, stack(0x000000d7a7900000,0x000000d7a7a00000)]
  0x0000025ac5d66800 JavaThread "C2 CompilerThread1" daemon [_thread_blocked, id=23988, stack(0x000000d7a7800000,0x000000d7a7900000)]
  0x0000025ac5d5f000 JavaThread "C2 CompilerThread0" daemon [_thread_blocked, id=25888, stack(0x000000d7a7700000,0x000000d7a7800000)]
  0x0000025ac5d5d000 JavaThread "Monitor Ctrl-Break" daemon [_thread_in_native, id=11856, stack(0x000000d7a7600000,0x000000d7a7700000)]
  0x0000025ac3a32000 JavaThread "Attach Listener" daemon [_thread_blocked, id=29220, stack(0x000000d7a7500000,0x000000d7a7600000)]
  0x0000025ac3a31000 JavaThread "Signal Dispatcher" daemon [_thread_blocked, id=31452, stack(0x000000d7a7400000,0x000000d7a7500000)]
  0x0000025ac3a06800 JavaThread "Finalizer" daemon [_thread_blocked, id=30728, stack(0x000000d7a7300000,0x000000d7a7400000)]
  0x0000025ac39f7000 JavaThread "Reference Handler" daemon [_thread_blocked, id=7040, stack(0x000000d7a7200000,0x000000d7a7300000)]
=>0x0000025aa8e73000 JavaThread "main" [_thread_in_native, id=31368, stack(0x000000d7a6800000,0x000000d7a6900000)]

Other Threads:
  0x0000025ac39ce800 VMThread [stack: 0x000000d7a7100000,0x000000d7a7200000] [id=9492]
  0x0000025ac5e94000 WatcherThread [stack: 0x000000d7a7c00000,0x000000d7a7d00000] [id=13956]

VM state:not at safepoint (normal execution)

VM Mutex/Monitor currently owned by a thread: None

heap address: 0x00000006c3600000, size: 4042 MB, Compressed Oops mode: Zero based, Oop shift amount: 3
Narrow klass base: 0x0000000000000000, Narrow klass shift: 3
Compressed class space size: 1073741824 Address: 0x00000007c0000000

Heap:
 PSYoungGen      total 75776K, used 36467K [0x000000076bd00000, 0x0000000771180000, 0x00000007c0000000)
  eden space 65024K, 56% used [0x000000076bd00000,0x000000076e09cdf0,0x000000076fc80000)
  from space 10752K, 0% used [0x0000000770700000,0x0000000770700000,0x0000000771180000)
  to   space 10752K, 0% used [0x000000076fc80000,0x000000076fc80000,0x0000000770700000)
 ParOldGen       total 173568K, used 0K [0x00000006c3600000, 0x00000006cdf80000, 0x000000076bd00000)
  object space 173568K, 0% used [0x00000006c3600000,0x00000006c3600000,0x00000006cdf80000)
 Metaspace       used 5957K, capacity 6064K, committed 6144K, reserved 1056768K
  class space    used 669K, capacity 720K, committed 768K, reserved 1048576K

Card table byte_map: [0x0000025ab9bc0000,0x0000025aba3b0000] byte_map_base: 0x0000025ab65a5000

Marking Bits: (ParMarkBitMap*) 0x000000006ef74fb0
 Begin Bits: [0x0000025aba900000, 0x0000025abe828000)
 End Bits:   [0x0000025abe828000, 0x0000025ac2750000)

Polling page: 0x0000025aa91b0000

CodeCache: size=245760Kb used=2695Kb max_used=2695Kb free=243064Kb
 bounds [0x0000025aaa800000, 0x0000025aaaab0000, 0x0000025ab9800000]
 total_blobs=886 nmethods=561 adapters=238
 compilation: enabled

Compilation events (10 events):
Event: 0.737 Thread 0x0000025ac5d6b000  556       3       java.util.regex.ASCII::isType (15 bytes)
Event: 0.737 Thread 0x0000025ac5d6b000 nmethod 556 0x0000025aaaaa2210 code [0x0000025aaaaa2380, 0x0000025aaaaa25f8]
Event: 0.737 Thread 0x0000025ac5d6b000  557       1       java.util.Formatter$FormatSpecifier::index (5 bytes)
Event: 0.737 Thread 0x0000025ac5d6b000 nmethod 557 0x0000025aaaaa2710 code [0x0000025aaaaa2860, 0x0000025aaaaa2978]
Event: 0.737 Thread 0x0000025ac5d6b000  558       1       java.util.Formatter::access$300 (5 bytes)
Event: 0.737 Thread 0x0000025ac5d6b000 nmethod 558 0x0000025aaaaa29d0 code [0x0000025aaaaa2b20, 0x0000025aaaaa2c18]
Event: 0.742 Thread 0x0000025ac5d6b000  560  s    3       java.io.BufferedOutputStream::flush (12 bytes)
Event: 0.742 Thread 0x0000025ac5d6b000 nmethod 560 0x0000025aaaaa2c90 code [0x0000025aaaaa2e20, 0x0000025aaaaa3320]
Event: 0.742 Thread 0x0000025ac5d6b000  561       3       java.io.BufferedOutputStream::flushBuffer (29 bytes)
Event: 0.742 Thread 0x0000025ac5d6b000 nmethod 561 0x0000025aaaaa3490 code [0x0000025aaaaa3600, 0x0000025aaaaa3890]

GC Heap History (0 events):
No events

Deoptimization events (0 events):
No events

Classes redefined (0 events):
No events

Internal exceptions (10 events):
Event: 0.189 Thread 0x0000025aa8e73000 Exception <a 'java/security/PrivilegedActionException'> (0x000000076beea738) thrown at [C:\jenkins\workspace\8-2-build-windows-amd64-cygwin\jdk8u261\295\hotspot\src\share\vm\prims\jvm.cpp, line 1512]
Event: 0.189 Thread 0x0000025aa8e73000 Exception <a 'java/security/PrivilegedActionException'> (0x000000076beea948) thrown at [C:\jenkins\workspace\8-2-build-windows-amd64-cygwin\jdk8u261\295\hotspot\src\share\vm\prims\jvm.cpp, line 1512]
Event: 0.190 Thread 0x0000025aa8e73000 Exception <a 'java/security/PrivilegedActionException'> (0x000000076bef1450) thrown at [C:\jenkins\workspace\8-2-build-windows-amd64-cygwin\jdk8u261\295\hotspot\src\share\vm\prims\jvm.cpp, line 1512]
Event: 0.190 Thread 0x0000025aa8e73000 Exception <a 'java/security/PrivilegedActionException'> (0x000000076bef1660) thrown at [C:\jenkins\workspace\8-2-build-windows-amd64-cygwin\jdk8u261\295\hotspot\src\share\vm\prims\jvm.cpp, line 1512]
Event: 0.191 Thread 0x0000025aa8e73000 Exception <a 'java/security/PrivilegedActionException'> (0x000000076bef80f0) thrown at [C:\jenkins\workspace\8-2-build-windows-amd64-cygwin\jdk8u261\295\hotspot\src\share\vm\prims\jvm.cpp, line 1512]
Event: 0.191 Thread 0x0000025aa8e73000 Exception <a 'java/security/PrivilegedActionException'> (0x000000076bef8300) thrown at [C:\jenkins\workspace\8-2-build-windows-amd64-cygwin\jdk8u261\295\hotspot\src\share\vm\prims\jvm.cpp, line 1512]
Event: 0.305 Thread 0x0000025aa8e73000 Exception <a 'java/security/PrivilegedActionException'> (0x000000076c3de408) thrown at [C:\jenkins\workspace\8-2-build-windows-amd64-cygwin\jdk8u261\295\hotspot\src\share\vm\prims\jvm.cpp, line 1512]
Event: 0.305 Thread 0x0000025aa8e73000 Exception <a 'java/security/PrivilegedActionException'> (0x000000076c3de618) thrown at [C:\jenkins\workspace\8-2-build-windows-amd64-cygwin\jdk8u261\295\hotspot\src\share\vm\prims\jvm.cpp, line 1512]
Event: 0.306 Thread 0x0000025aa8e73000 Exception <a 'java/security/PrivilegedActionException'> (0x000000076c3e2528) thrown at [C:\jenkins\workspace\8-2-build-windows-amd64-cygwin\jdk8u261\295\hotspot\src\share\vm\prims\jvm.cpp, line 1512]
Event: 0.306 Thread 0x0000025aa8e73000 Exception <a 'java/security/PrivilegedActionException'> (0x000000076c3e2738) thrown at [C:\jenkins\workspace\8-2-build-windows-amd64-cygwin\jdk8u261\295\hotspot\src\share\vm\prims\jvm.cpp, line 1512]

Events (10 events):
Event: 0.590 loading class org/bytedeco/javacpp/presets/swscale
Event: 0.590 loading class org/bytedeco/javacpp/presets/swscale done
Event: 0.599 loading class org/bytedeco/javacpp/swscale$SwsFilter
Event: 0.599 loading class org/bytedeco/javacpp/swscale$SwsFilter done
Event: 0.600 loading class org/bytedeco/javacpp/swscale$SwsVector
Event: 0.600 loading class org/bytedeco/javacpp/swscale$SwsVector done
Event: 0.600 loading class org/bytedeco/javacpp/swscale$SwsContext
Event: 0.600 loading class org/bytedeco/javacpp/swscale$SwsContext done
Event: 0.601 loading class java/nio/IntBuffer
Event: 0.601 loading class java/nio/IntBuffer done


Dynamic libraries:
0x00007ff6d4500000 - 0x00007ff6d4547000 	C:\Program Files\Java\jdk1.8.0_261\bin\java.exe
0x00007fff6c9c0000 - 0x00007fff6cbb0000 	C:\Windows\SYSTEM32\ntdll.dll
0x00007fff6c1f0000 - 0x00007fff6c2a2000 	C:\Windows\System32\KERNEL32.DLL
0x00007fff6a720000 - 0x00007fff6a9c5000 	C:\Windows\System32\KERNELBASE.dll
0x00007fff6c4a0000 - 0x00007fff6c543000 	C:\Windows\System32\ADVAPI32.dll
0x00007fff6ad50000 - 0x00007fff6adee000 	C:\Windows\System32\msvcrt.dll
0x00007fff6c400000 - 0x00007fff6c497000 	C:\Windows\System32\sechost.dll
0x00007fff6b940000 - 0x00007fff6ba60000 	C:\Windows\System32\RPCRT4.dll
0x00007fff6aa70000 - 0x00007fff6ac04000 	C:\Windows\System32\USER32.dll
0x00007fff69be0000 - 0x00007fff69c01000 	C:\Windows\System32\win32u.dll
0x00007fff6b310000 - 0x00007fff6b336000 	C:\Windows\System32\GDI32.dll
0x00007fff69c40000 - 0x00007fff69dd6000 	C:\Windows\System32\gdi32full.dll
0x00007fff69b40000 - 0x00007fff69bde000 	C:\Windows\System32\msvcp_win.dll
0x00007fff6a620000 - 0x00007fff6a71a000 	C:\Windows\System32\ucrtbase.dll
0x00007fff55dc0000 - 0x00007fff56044000 	C:\Windows\WinSxS\amd64_microsoft.windows.common-controls_6595b64144ccf1df_6.0.18362.1198_none_9e820b57e45ad92f\COMCTL32.dll
0x00007fff6b340000 - 0x00007fff6b675000 	C:\Windows\System32\combase.dll
0x00007fff6a9d0000 - 0x00007fff6aa50000 	C:\Windows\System32\bcryptPrimitives.dll
0x00007fff6b840000 - 0x00007fff6b86e000 	C:\Windows\System32\IMM32.DLL
0x00007fff63fb0000 - 0x00007fff63fc5000 	C:\Program Files\Java\jdk1.8.0_261\jre\bin\vcruntime140.dll
0x00007fff32b50000 - 0x00007fff32beb000 	C:\Program Files\Java\jdk1.8.0_261\jre\bin\msvcp140.dll
0x000000006e780000 - 0x000000006efec000 	C:\Program Files\Java\jdk1.8.0_261\jre\bin\server\jvm.dll
0x00007fff6ad40000 - 0x00007fff6ad48000 	C:\Windows\System32\PSAPI.DLL
0x00007fff61f20000 - 0x00007fff61f2a000 	C:\Windows\SYSTEM32\VERSION.dll
0x00007fff5e740000 - 0x00007fff5e749000 	C:\Windows\SYSTEM32\WSOCK32.dll
0x00007fff68320000 - 0x00007fff68344000 	C:\Windows\SYSTEM32\WINMM.dll
0x00007fff6b8d0000 - 0x00007fff6b93f000 	C:\Windows\System32\WS2_32.dll
0x00007fff682f0000 - 0x00007fff6831d000 	C:\Windows\SYSTEM32\WINMMBASE.dll
0x00007fff69940000 - 0x00007fff6998a000 	C:\Windows\System32\cfgmgr32.dll
0x00007fff698d0000 - 0x00007fff698e1000 	C:\Windows\System32\kernel.appcore.dll
0x00007fff63fa0000 - 0x00007fff63fb0000 	C:\Program Files\Java\jdk1.8.0_261\jre\bin\verify.dll
0x00007fff63930000 - 0x00007fff6395b000 	C:\Program Files\Java\jdk1.8.0_261\jre\bin\java.dll
0x00007fff4ccb0000 - 0x00007fff4cce2000 	C:\Program Files\Java\jdk1.8.0_261\jre\bin\instrument.dll
0x00007fff5de50000 - 0x00007fff5de68000 	C:\Program Files\Java\jdk1.8.0_261\jre\bin\zip.dll
0x00007fff6ba70000 - 0x00007fff6c157000 	C:\Windows\System32\SHELL32.dll
0x00007fff6ac10000 - 0x00007fff6acb9000 	C:\Windows\System32\shcore.dll
0x00007fff69e90000 - 0x00007fff6a611000 	C:\Windows\System32\windows.storage.dll
0x00007fff698a0000 - 0x00007fff698c3000 	C:\Windows\System32\profapi.dll
0x00007fff698f0000 - 0x00007fff6993a000 	C:\Windows\System32\powrprof.dll
0x00007fff69870000 - 0x00007fff69880000 	C:\Windows\System32\UMPDC.dll
0x00007fff6b870000 - 0x00007fff6b8c2000 	C:\Windows\System32\shlwapi.dll
0x00007fff6aa50000 - 0x00007fff6aa67000 	C:\Windows\System32\cryptsp.dll
0x00007fff4f190000 - 0x00007fff4f1aa000 	C:\Program Files\JetBrains\IntelliJ IDEA 2020.2.3\bin\breakgen64.dll
0x00007fff556b0000 - 0x00007fff556cc000 	C:\Program Files\Java\jdk1.8.0_261\jre\bin\net.dll
0x00007fff690c0000 - 0x00007fff69127000 	C:\Windows\system32\mswsock.dll
0x00007fff16350000 - 0x00007fff1640d000 	C:\Users\krish\.javacpp\cache\ffmpeg-4.1-1.4.4-windows-x86_64.jar\org\bytedeco\javacpp\windows-x86_64\avutil-56.dll
0x00007fff69c10000 - 0x00007fff69c36000 	C:\Windows\System32\bcrypt.dll
0x00007fff55640000 - 0x00007fff55653000 	C:\Program Files\Java\jdk1.8.0_261\jre\bin\nio.dll
0x000000006fe00000 - 0x000000006feec000 	C:\Users\krish\.javacpp\cache\ffmpeg-4.1-1.4.4-windows-x86_64.jar\org\bytedeco\javacpp\windows-x86_64\jniavutil.dll
0x00007fff4a810000 - 0x00007fff4a837000 	C:\Users\krish\.javacpp\cache\ffmpeg-4.1-1.4.4-windows-x86_64.jar\org\bytedeco\javacpp\windows-x86_64\swresample-3.dll
0x0000000070080000 - 0x00000000700ae000 	C:\Users\krish\.javacpp\cache\ffmpeg-4.1-1.4.4-windows-x86_64.jar\org\bytedeco\javacpp\windows-x86_64\jniswresample.dll
0x00007ffefe0a0000 - 0x00007fff011db000 	C:\Users\krish\.javacpp\cache\ffmpeg-4.1-1.4.4-windows-x86_64.jar\org\bytedeco\javacpp\windows-x86_64\avcodec-58.dll
0x00007fff6b6e0000 - 0x00007fff6b837000 	C:\Windows\System32\ole32.dll
0x000000006a1c0000 - 0x000000006a42c000 	C:\Users\krish\.javacpp\cache\ffmpeg-4.1-1.4.4-windows-x86_64.jar\org\bytedeco\javacpp\windows-x86_64\jniavcodec.dll
0x00007ffefdb60000 - 0x00007ffefe099000 	C:\Users\krish\.javacpp\cache\ffmpeg-4.1-1.4.4-windows-x86_64.jar\org\bytedeco\javacpp\windows-x86_64\avformat-58.dll
0x00007fff699f0000 - 0x00007fff69b39000 	C:\Windows\System32\CRYPT32.dll
0x00007fff69880000 - 0x00007fff69892000 	C:\Windows\System32\MSASN1.dll
0x000000006abc0000 - 0x000000006ad0f000 	C:\Users\krish\.javacpp\cache\ffmpeg-4.1-1.4.4-windows-x86_64.jar\org\bytedeco\javacpp\windows-x86_64\jniavformat.dll
0x00007fff221f0000 - 0x00007fff22286000 	C:\Users\krish\.javacpp\cache\ffmpeg-4.1-1.4.4-windows-x86_64.jar\org\bytedeco\javacpp\windows-x86_64\swscale-5.dll
0x0000000067cc0000 - 0x0000000067cf6000 	C:\Users\krish\.javacpp\cache\ffmpeg-4.1-1.4.4-windows-x86_64.jar\org\bytedeco\javacpp\windows-x86_64\jniswscale.dll
0x00007fff680f0000 - 0x00007fff682e4000 	C:\Windows\SYSTEM32\dbghelp.dll

VM Arguments:
jvm_args: -javaagent:C:\Program Files\JetBrains\IntelliJ IDEA 2020.2.3\lib\idea_rt.jar=62093:C:\Program Files\JetBrains\IntelliJ IDEA 2020.2.3\bin -Dfile.encoding=UTF-8 
java_command: com.video.recognition.Main
java_class_path (initial): C:\Program Files\Java\jdk1.8.0_261\jre\lib\charsets.jar;C:\Program Files\Java\jdk1.8.0_261\jre\lib\deploy.jar;C:\Program Files\Java\jdk1.8.0_261\jre\lib\ext\access-bridge-64.jar;C:\Program Files\Java\jdk1.8.0_261\jre\lib\ext\cldrdata.jar;C:\Program Files\Java\jdk1.8.0_261\jre\lib\ext\dnsns.jar;C:\Program Files\Java\jdk1.8.0_261\jre\lib\ext\jaccess.jar;C:\Program Files\Java\jdk1.8.0_261\jre\lib\ext\jfxrt.jar;C:\Program Files\Java\jdk1.8.0_261\jre\lib\ext\localedata.jar;C:\Program Files\Java\jdk1.8.0_261\jre\lib\ext\nashorn.jar;C:\Program Files\Java\jdk1.8.0_261\jre\lib\ext\sunec.jar;C:\Program Files\Java\jdk1.8.0_261\jre\lib\ext\sunjce_provider.jar;C:\Program Files\Java\jdk1.8.0_261\jre\lib\ext\sunmscapi.jar;C:\Program Files\Java\jdk1.8.0_261\jre\lib\ext\sunpkcs11.jar;C:\Program Files\Java\jdk1.8.0_261\jre\lib\ext\zipfs.jar;C:\Program Files\Java\jdk1.8.0_261\jre\lib\javaws.jar;C:\Program Files\Java\jdk1.8.0_261\jre\lib\jce.jar;C:\Program Files\Java\jdk1.8.0_261\jre\lib\jfr.jar;C:\Program Files\Java\jdk1.8.0_261\jre\lib\jfxswt.jar;C:\Program Files\Java\jdk1.8.0_261\jre\lib\jsse.jar;C:\Program Files\Java\jdk1.8.0_261\jre\lib\management-agent.jar;C:\Program Files\Java\jdk1.8.0_261\jre\lib\plugin.jar;C:\Program Files\Java\jdk1.8.0_261\jre\lib\resources.jar;C:\Program Files\Java\jdk1.8.0_261\jre\lib\rt.jar;D:\git-repos\S3-CB03-Group3\PAAS\target\classes;C:\Users\krish\.m2\repository\nu\pattern\opencv\2.4.9-7\opencv-2.4.9-7.jar;C:\Users\krish\.m2\repository\org\bytedeco\javacpp-presets\ffmpeg\4.1-1.4.4\ffmpeg-4.1-1.4.4-windows-x86_64.jar;C:\Users\krish\.m2\repository\org\bytedeco\javacpp\1.4.4\javacpp-1.4.4.jar;C:\Users\krish\.m2\repository\org\bytedeco\javacpp-presets\ffmpeg\4.1-1.4.4\ffmpeg-4.1-1.4.4.jar;C:\Users\krish\.m2\repository\org\bytedeco\ffmpeg\4.3.1-1.5.4\ffmpeg-4.3.1-1.5.4.jar;C:\Users\krish\.m2\repository\org\bytedeco\javacv\1.5.4\javacv-1.5.4.jar;C:\Users\krish\.m2\repository\org\bytedeco\openblas\0.3.10-1.5.4\openblas-0.3.10-1.5
Launcher Type: SUN_STANDARD

Environment Variables:
JAVA_HOME=C:\Program Files\Java\jdk1.8.0_261
PATH=C:\Program Files\Common Files\Oracle\Java\javapath;C:\Program Files\Java\jdk1.8.0_261;C:\Windows\system32;C:\Windows;C:\Windows\System32\Wbem;C:\Windows\System32\WindowsPowerShell\v1.0\;C:\Windows\System32\OpenSSH\;C:\Program Files\dotnet\;C:\Program Files\nodejs\;C:\Maven\apache-maven-3.6.3-bin\apache-maven-3.6.3\bin;C:\Maven\apache-maven-3.6.3-bin\apache-maven-3.6.3\bin;C:\Gradle\gradle-6.7-bin\gradle-6.7\bin;C:\Program Files\Git\cmd;C:\Users\krish\AppData\Local\Programs\Python\Python39\Scripts\;C:\Users\krish\AppData\Local\Programs\Python\Python39\;C:\Users\krish\AppData\Local\Microsoft\WindowsApps;C:\Program Files (x86)\GitHub CLI\;C:\Users\krish\.dotnet\tools;C:\Program Files\heroku\bin;C:\Users\krish\AppData\Roaming\npm;C:\Program Files\JetBrains\IntelliJ IDEA 2020.2.3\bin;;C:\Program Files\JetBrains\WebStorm 2020.2.3\bin;;C:\Program Files\JetBrains\PyCharm 2020.2.4\bin;
USERNAME=krish
OS=Windows_NT
PROCESSOR_IDENTIFIER=Intel64 Family 6 Model 142 Stepping 12, GenuineIntel



---------------  S Y S T E M  ---------------

OS: Windows 10.0 , 64 bit Build 18362 (10.0.18362.1110)

CPU:total 8 (initial active 8) (4 cores per cpu, 2 threads per core) family 6 model 142 stepping 12, cmov, cx8, fxsr, mmx, sse, sse2, sse3, ssse3, sse4.1, sse4.2, popcnt, avx, avx2, aes, clmul, erms, 3dnowpref, lzcnt, ht, tsc, tscinvbit, bmi1, bmi2, adx

Memory: 4k page, physical 16554716k(4165352k free), swap 31234780k(6483192k free)

vm_info: Java HotSpot(TM) 64-Bit Server VM (25.261-b12) for windows-amd64 JRE (1.8.0_261-b12), built on Jun 18 2020 06:56:32 by "" with unknown MS VC++:1916

time: Wed Dec  9 20:19:46 2020
timezone: W. Europe Standard Time
elapsed time: 0 seconds (0d 0h 0m 0s)

